#
# There is insufficient memory for the Java Runtime Environment to continue.
# Native memory allocation (malloc) failed to allocate 32744 bytes for ChunkPool::allocate
# Possible reasons:
#   The system is out of physical RAM or swap space
#   The process is running with CompressedOops enabled, and the Java Heap may be blocking the growth of the native heap
# Possible solutions:
#   Reduce memory load on the system
#   Increase physical memory or swap space
#   Check if swap backing store is full
#   Decrease Java heap size (-Xmx/-Xms)
#   Decrease number of Java threads
#   Decrease Java thread stack sizes (-Xss)
#   Set larger code cache with -XX:ReservedCodeCacheSize=
#   JVM is running with Unscaled Compressed Oops mode in which the Java heap is
#     placed in the first 4GB address space. The Java Heap base address is the
#     maximum limit for the native heap growth. Please use -XX:HeapBaseMinAddress
#     to set the Java Heap base and to place the Java Heap above 4GB virtual address.
# This output file may be truncated or incomplete.
#
#  Out of Memory Error (arena.cpp:79), pid=10656, tid=14660
#
# JRE version: OpenJDK Runtime Environment JBR-17.0.9+8-1162.7-nomod (17.0.9+8) (build 17.0.9+8-b1162.7)
# Java VM: OpenJDK 64-Bit Server VM JBR-17.0.9+8-1162.7-nomod (17.0.9+8-b1162.7, mixed mode, tiered, compressed oops, compressed class ptrs, g1 gc, windows-amd64)
# No core dump will be written. Minidumps are not enabled by default on client versions of Windows
#

---------------  S U M M A R Y ------------

Command Line: -Dcompose.application.configure.swing.globals=true -Dcompose.application.resources.dir=C:\פאיכ\cod\kotlin\NNS-master\build\compose\tmp\prepareAppResources -Dfile.encoding=UTF-8 -Duser.country=RU -Duser.language=ru -Duser.variant MainKt

Host: AMD Ryzen 5 3500U with Radeon Vega Mobile Gfx  , 8 cores, 6G,  Windows 11 , 64 bit Build 22621 (10.0.22621.3235)
Time: Wed Mar  6 00:50:32 2024 RTZ 3 (s 11 , 64 bit Build 22621 (10.0.22621.3235) elapsed time: 0.604560 seconds (0d 0h 0m 0s)

---------------  T H R E A D  ---------------

Current thread (0x000002bc00176e10):  JavaThread "C1 CompilerThread0" daemon [_thread_in_native, id=14660, stack(0x000000c7cb000000,0x000000c7cb100000)]


Current CompileTask:
C1:    604  350       3       jdk.internal.org.objectweb.asm.Frame::execute (2305 bytes)

Stack: [0x000000c7cb000000,0x000000c7cb100000]
Native frames: (J=compiled Java code, j=interpreted, Vv=VM code, C=native code)
V  [jvm.dll+0x688349]
V  [jvm.dll+0x841bfa]
V  [jvm.dll+0x84383e]
V  [jvm.dll+0x843ea3]
V  [jvm.dll+0x24bdef]
V  [jvm.dll+0xac66c]
V  [jvm.dll+0xaca9c]
V  [jvm.dll+0x177eda]
V  [jvm.dll+0x179536]
V  [jvm.dll+0x17cc6f]
V  [jvm.dll+0x1371e3]
V  [jvm.dll+0x136aef]
V  [jvm.dll+0x136d26]
V  [jvm.dll+0x1361ba]
V  [jvm.dll+0x137e71]
V  [jvm.dll+0x22cd28]
V  [jvm.dll+0x22ae60]
V  [jvm.dll+0x7f6087]
V  [jvm.dll+0x7f043a]
V  [jvm.dll+0x6871c5]
C  [ucrtbase.dll+0x29363]
C  [KERNEL32.DLL+0x1257d]
C  [ntdll.dll+0x5aa58]


---------------  P R O C E S S  ---------------

Threads class SMR info:
_java_thread_list=0x000002bc002e0550, length=12, elements={
0x000002bc445f23e0, 0x000002bc5dd29750, 0x000002bc5dd2a4e0, 0x000002bc5dd53990,
0x000002bc0015d3f0, 0x000002bc0015fdd0, 0x000002bc00172400, 0x000002bc00176500,
0x000002bc00176e10, 0x000002bc00179730, 0x000002bc002fef40, 0x000002bc0030f460
}

Java Threads: ( => current thread )
  0x000002bc445f23e0 JavaThread "main" [_thread_in_vm, id=14256, stack(0x000000c7ca200000,0x000000c7ca300000)]
  0x000002bc5dd29750 JavaThread "Reference Handler" daemon [_thread_blocked, id=5336, stack(0x000000c7ca900000,0x000000c7caa00000)]
  0x000002bc5dd2a4e0 JavaThread "Finalizer" daemon [_thread_blocked, id=8292, stack(0x000000c7caa00000,0x000000c7cab00000)]
  0x000002bc5dd53990 JavaThread "Signal Dispatcher" daemon [_thread_blocked, id=25252, stack(0x000000c7cab00000,0x000000c7cac00000)]
  0x000002bc0015d3f0 JavaThread "Attach Listener" daemon [_thread_blocked, id=17548, stack(0x000000c7cac00000,0x000000c7cad00000)]
  0x000002bc0015fdd0 JavaThread "Service Thread" daemon [_thread_blocked, id=10868, stack(0x000000c7cad00000,0x000000c7cae00000)]
  0x000002bc00172400 JavaThread "Monitor Deflation Thread" daemon [_thread_blocked, id=10764, stack(0x000000c7cae00000,0x000000c7caf00000)]
  0x000002bc00176500 JavaThread "C2 CompilerThread0" daemon [_thread_blocked, id=22256, stack(0x000000c7caf00000,0x000000c7cb000000)]
=>0x000002bc00176e10 JavaThread "C1 CompilerThread0" daemon [_thread_in_native, id=14660, stack(0x000000c7cb000000,0x000000c7cb100000)]
  0x000002bc00179730 JavaThread "Sweeper thread" daemon [_thread_blocked, id=11828, stack(0x000000c7cb100000,0x000000c7cb200000)]
  0x000002bc002fef40 JavaThread "Notification Thread" daemon [_thread_blocked, id=21728, stack(0x000000c7cb200000,0x000000c7cb300000)]
  0x000002bc0030f460 JavaThread "Common-Cleaner" daemon [_thread_blocked, id=17192, stack(0x000000c7cb400000,0x000000c7cb500000)]

Other Threads:
  0x000002bc5dd25b10 VMThread "VM Thread" [stack: 0x000000c7ca800000,0x000000c7ca900000] [id=19880]
  0x000002bc001d68c0 WatcherThread [stack: 0x000000c7cb300000,0x000000c7cb400000] [id=13684]
  0x000002bc44645f90 GCTaskThread "GC Thread#0" [stack: 0x000000c7ca300000,0x000000c7ca400000] [id=11664]
  0x000002bc44655390 ConcurrentGCThread "G1 Main Marker" [stack: 0x000000c7ca400000,0x000000c7ca500000] [id=17344]
  0x000002bc44656cd0 ConcurrentGCThread "G1 Conc#0" [stack: 0x000000c7ca500000,0x000000c7ca600000] [id=23356]
  0x000002bc5db924c0 ConcurrentGCThread "G1 Refine#0" [stack: 0x000000c7ca600000,0x000000c7ca700000] [id=23116]
  0x000002bc5db92e00 ConcurrentGCThread "G1 Service" [stack: 0x000000c7ca700000,0x000000c7ca800000] [id=25144]

Threads with active compile tasks:
C1 CompilerThread0      659  350       3       jdk.internal.org.objectweb.asm.Frame::execute (2305 bytes)

VM state: not at safepoint (normal execution)

VM Mutex/Monitor currently owned by a thread: None

Heap address: 0x0000000091000000, size: 1776 MB, Compressed Oops mode: 32-bit

CDS archive(s) not mapped
Compressed class space mapped at: 0x0000000100000000-0x0000000140000000, reserved size: 1073741824
Narrow klass base: 0x0000000000000000, Narrow klass shift: 3, Narrow klass range: 0x140000000

GC Precious Log:
 CPUs: 8 total, 8 available
 Memory: 7103M
 Large Page Support: Disabled
 NUMA Support: Disabled
 Compressed Oops: Enabled (32-bit)
 Heap Region Size: 1M
 Heap Min Capacity: 8M
 Heap Initial Capacity: 112M
 Heap Max Capacity: 1776M
 Pre-touch: Disabled
 Parallel Workers: 8
 Concurrent Workers: 2
 Concurrent Refinement Workers: 8
 Periodic GC: Disabled

Heap:
 garbage-first heap   total 114688K, used 5120K [0x0000000091000000, 0x0000000100000000)
  region size 1024K, 7 young (7168K), 0 survivors (0K)
 Metaspace       used 7563K, committed 7680K, reserved 1114112K
  class space    used 633K, committed 704K, reserved 1048576K

Heap Regions: E=young(eden), S=young(survivor), O=old, HS=humongous(starts), HC=humongous(continues), CS=collection set, F=free, OA=open archive, CA=closed archive, TAMS=top-at-mark-start (previous, next)
|   0|0x0000000091000000, 0x0000000091000000, 0x0000000091100000|  0%| F|  |TAMS 0x0000000091000000, 0x0000000091000000| Untracked 
|   1|0x0000000091100000, 0x0000000091100000, 0x0000000091200000|  0%| F|  |TAMS 0x0000000091100000, 0x0000000091100000| Untracked 
|   2|0x0000000091200000, 0x0000000091200000, 0x0000000091300000|  0%| F|  |TAMS 0x0000000091200000, 0x0000000091200000| Untracked 
|   3|0x0000000091300000, 0x0000000091300000, 0x0000000091400000|  0%| F|  |TAMS 0x0000000091300000, 0x0000000091300000| Untracked 
|   4|0x0000000091400000, 0x0000000091400000, 0x0000000091500000|  0%| F|  |TAMS 0x0000000091400000, 0x0000000091400000| Untracked 
|   5|0x0000000091500000, 0x0000000091500000, 0x0000000091600000|  0%| F|  |TAMS 0x0000000091500000, 0x0000000091500000| Untracked 
|   6|0x0000000091600000, 0x0000000091600000, 0x0000000091700000|  0%| F|  |TAMS 0x0000000091600000, 0x0000000091600000| Untracked 
|   7|0x0000000091700000, 0x0000000091700000, 0x0000000091800000|  0%| F|  |TAMS 0x0000000091700000, 0x0000000091700000| Untracked 
|   8|0x0000000091800000, 0x0000000091800000, 0x0000000091900000|  0%| F|  |TAMS 0x0000000091800000, 0x0000000091800000| Untracked 
|   9|0x0000000091900000, 0x0000000091900000, 0x0000000091a00000|  0%| F|  |TAMS 0x0000000091900000, 0x0000000091900000| Untracked 
|  10|0x0000000091a00000, 0x0000000091a00000, 0x0000000091b00000|  0%| F|  |TAMS 0x0000000091a00000, 0x0000000091a00000| Untracked 
|  11|0x0000000091b00000, 0x0000000091b00000, 0x0000000091c00000|  0%| F|  |TAMS 0x0000000091b00000, 0x0000000091b00000| Untracked 
|  12|0x0000000091c00000, 0x0000000091c00000, 0x0000000091d00000|  0%| F|  |TAMS 0x0000000091c00000, 0x0000000091c00000| Untracked 
|  13|0x0000000091d00000, 0x0000000091d00000, 0x0000000091e00000|  0%| F|  |TAMS 0x0000000091d00000, 0x0000000091d00000| Untracked 
|  14|0x0000000091e00000, 0x0000000091e00000, 0x0000000091f00000|  0%| F|  |TAMS 0x0000000091e00000, 0x0000000091e00000| Untracked 
|  15|0x0000000091f00000, 0x0000000091f00000, 0x0000000092000000|  0%| F|  |TAMS 0x0000000091f00000, 0x0000000091f00000| Untracked 
|  16|0x0000000092000000, 0x0000000092000000, 0x0000000092100000|  0%| F|  |TAMS 0x0000000092000000, 0x0000000092000000| Untracked 
|  17|0x0000000092100000, 0x0000000092100000, 0x0000000092200000|  0%| F|  |TAMS 0x0000000092100000, 0x0000000092100000| Untracked 
|  18|0x0000000092200000, 0x0000000092200000, 0x0000000092300000|  0%| F|  |TAMS 0x0000000092200000, 0x0000000092200000| Untracked 
|  19|0x0000000092300000, 0x0000000092300000, 0x0000000092400000|  0%| F|  |TAMS 0x0000000092300000, 0x0000000092300000| Untracked 
|  20|0x0000000092400000, 0x0000000092400000, 0x0000000092500000|  0%| F|  |TAMS 0x0000000092400000, 0x0000000092400000| Untracked 
|  21|0x0000000092500000, 0x0000000092500000, 0x0000000092600000|  0%| F|  |TAMS 0x0000000092500000, 0x0000000092500000| Untracked 
|  22|0x0000000092600000, 0x0000000092600000, 0x0000000092700000|  0%| F|  |TAMS 0x0000000092600000, 0x0000000092600000| Untracked 
|  23|0x0000000092700000, 0x0000000092700000, 0x0000000092800000|  0%| F|  |TAMS 0x0000000092700000, 0x0000000092700000| Untracked 
|  24|0x0000000092800000, 0x0000000092800000, 0x0000000092900000|  0%| F|  |TAMS 0x0000000092800000, 0x0000000092800000| Untracked 
|  25|0x0000000092900000, 0x0000000092900000, 0x0000000092a00000|  0%| F|  |TAMS 0x0000000092900000, 0x0000000092900000| Untracked 
|  26|0x0000000092a00000, 0x0000000092a00000, 0x0000000092b00000|  0%| F|  |TAMS 0x0000000092a00000, 0x0000000092a00000| Untracked 
|  27|0x0000000092b00000, 0x0000000092b00000, 0x0000000092c00000|  0%| F|  |TAMS 0x0000000092b00000, 0x0000000092b00000| Untracked 
|  28|0x0000000092c00000, 0x0000000092c00000, 0x0000000092d00000|  0%| F|  |TAMS 0x0000000092c00000, 0x0000000092c00000| Untracked 
|  29|0x0000000092d00000, 0x0000000092d00000, 0x0000000092e00000|  0%| F|  |TAMS 0x0000000092d00000, 0x0000000092d00000| Untracked 
|  30|0x0000000092e00000, 0x0000000092e00000, 0x0000000092f00000|  0%| F|  |TAMS 0x0000000092e00000, 0x0000000092e00000| Untracked 
|  31|0x0000000092f00000, 0x0000000092f00000, 0x0000000093000000|  0%| F|  |TAMS 0x0000000092f00000, 0x0000000092f00000| Untracked 
|  32|0x0000000093000000, 0x0000000093000000, 0x0000000093100000|  0%| F|  |TAMS 0x0000000093000000, 0x0000000093000000| Untracked 
|  33|0x0000000093100000, 0x0000000093100000, 0x0000000093200000|  0%| F|  |TAMS 0x0000000093100000, 0x0000000093100000| Untracked 
|  34|0x0000000093200000, 0x0000000093200000, 0x0000000093300000|  0%| F|  |TAMS 0x0000000093200000, 0x0000000093200000| Untracked 
|  35|0x0000000093300000, 0x0000000093300000, 0x0000000093400000|  0%| F|  |TAMS 0x0000000093300000, 0x0000000093300000| Untracked 
|  36|0x0000000093400000, 0x0000000093400000, 0x0000000093500000|  0%| F|  |TAMS 0x0000000093400000, 0x0000000093400000| Untracked 
|  37|0x0000000093500000, 0x0000000093500000, 0x0000000093600000|  0%| F|  |TAMS 0x0000000093500000, 0x0000000093500000| Untracked 
|  38|0x0000000093600000, 0x0000000093600000, 0x0000000093700000|  0%| F|  |TAMS 0x0000000093600000, 0x0000000093600000| Untracked 
|  39|0x0000000093700000, 0x0000000093700000, 0x0000000093800000|  0%| F|  |TAMS 0x0000000093700000, 0x0000000093700000| Untracked 
|  40|0x0000000093800000, 0x0000000093800000, 0x0000000093900000|  0%| F|  |TAMS 0x0000000093800000, 0x0000000093800000| Untracked 
|  41|0x0000000093900000, 0x0000000093900000, 0x0000000093a00000|  0%| F|  |TAMS 0x0000000093900000, 0x0000000093900000| Untracked 
|  42|0x0000000093a00000, 0x0000000093a00000, 0x0000000093b00000|  0%| F|  |TAMS 0x0000000093a00000, 0x0000000093a00000| Untracked 
|  43|0x0000000093b00000, 0x0000000093b00000, 0x0000000093c00000|  0%| F|  |TAMS 0x0000000093b00000, 0x0000000093b00000| Untracked 
|  44|0x0000000093c00000, 0x0000000093c00000, 0x0000000093d00000|  0%| F|  |TAMS 0x0000000093c00000, 0x0000000093c00000| Untracked 
|  45|0x0000000093d00000, 0x0000000093d00000, 0x0000000093e00000|  0%| F|  |TAMS 0x0000000093d00000, 0x0000000093d00000| Untracked 
|  46|0x0000000093e00000, 0x0000000093e00000, 0x0000000093f00000|  0%| F|  |TAMS 0x0000000093e00000, 0x0000000093e00000| Untracked 
|  47|0x0000000093f00000, 0x0000000093f00000, 0x0000000094000000|  0%| F|  |TAMS 0x0000000093f00000, 0x0000000093f00000| Untracked 
|  48|0x0000000094000000, 0x0000000094000000, 0x0000000094100000|  0%| F|  |TAMS 0x0000000094000000, 0x0000000094000000| Untracked 
|  49|0x0000000094100000, 0x0000000094100000, 0x0000000094200000|  0%| F|  |TAMS 0x0000000094100000, 0x0000000094100000| Untracked 
|  50|0x0000000094200000, 0x0000000094200000, 0x0000000094300000|  0%| F|  |TAMS 0x0000000094200000, 0x0000000094200000| Untracked 
|  51|0x0000000094300000, 0x0000000094300000, 0x0000000094400000|  0%| F|  |TAMS 0x0000000094300000, 0x0000000094300000| Untracked 
|  52|0x0000000094400000, 0x0000000094400000, 0x0000000094500000|  0%| F|  |TAMS 0x0000000094400000, 0x0000000094400000| Untracked 
|  53|0x0000000094500000, 0x0000000094500000, 0x0000000094600000|  0%| F|  |TAMS 0x0000000094500000, 0x0000000094500000| Untracked 
|  54|0x0000000094600000, 0x0000000094600000, 0x0000000094700000|  0%| F|  |TAMS 0x0000000094600000, 0x0000000094600000| Untracked 
|  55|0x0000000094700000, 0x0000000094700000, 0x0000000094800000|  0%| F|  |TAMS 0x0000000094700000, 0x0000000094700000| Untracked 
|  56|0x0000000094800000, 0x0000000094800000, 0x0000000094900000|  0%| F|  |TAMS 0x0000000094800000, 0x0000000094800000| Untracked 
|  57|0x0000000094900000, 0x0000000094900000, 0x0000000094a00000|  0%| F|  |TAMS 0x0000000094900000, 0x0000000094900000| Untracked 
|  58|0x0000000094a00000, 0x0000000094a00000, 0x0000000094b00000|  0%| F|  |TAMS 0x0000000094a00000, 0x0000000094a00000| Untracked 
|  59|0x0000000094b00000, 0x0000000094b00000, 0x0000000094c00000|  0%| F|  |TAMS 0x0000000094b00000, 0x0000000094b00000| Untracked 
|  60|0x0000000094c00000, 0x0000000094c00000, 0x0000000094d00000|  0%| F|  |TAMS 0x0000000094c00000, 0x0000000094c00000| Untracked 
|  61|0x0000000094d00000, 0x0000000094d00000, 0x0000000094e00000|  0%| F|  |TAMS 0x0000000094d00000, 0x0000000094d00000| Untracked 
|  62|0x0000000094e00000, 0x0000000094e00000, 0x0000000094f00000|  0%| F|  |TAMS 0x0000000094e00000, 0x0000000094e00000| Untracked 
|  63|0x0000000094f00000, 0x0000000094f00000, 0x0000000095000000|  0%| F|  |TAMS 0x0000000094f00000, 0x0000000094f00000| Untracked 
|  64|0x0000000095000000, 0x0000000095000000, 0x0000000095100000|  0%| F|  |TAMS 0x0000000095000000, 0x0000000095000000| Untracked 
|  65|0x0000000095100000, 0x0000000095100000, 0x0000000095200000|  0%| F|  |TAMS 0x0000000095100000, 0x0000000095100000| Untracked 
|  66|0x0000000095200000, 0x0000000095200000, 0x0000000095300000|  0%| F|  |TAMS 0x0000000095200000, 0x0000000095200000| Untracked 
|  67|0x0000000095300000, 0x0000000095300000, 0x0000000095400000|  0%| F|  |TAMS 0x0000000095300000, 0x0000000095300000| Untracked 
|  68|0x0000000095400000, 0x0000000095400000, 0x0000000095500000|  0%| F|  |TAMS 0x0000000095400000, 0x0000000095400000| Untracked 
|  69|0x0000000095500000, 0x0000000095500000, 0x0000000095600000|  0%| F|  |TAMS 0x0000000095500000, 0x0000000095500000| Untracked 
|  70|0x0000000095600000, 0x0000000095600000, 0x0000000095700000|  0%| F|  |TAMS 0x0000000095600000, 0x0000000095600000| Untracked 
|  71|0x0000000095700000, 0x0000000095700000, 0x0000000095800000|  0%| F|  |TAMS 0x0000000095700000, 0x0000000095700000| Untracked 
|  72|0x0000000095800000, 0x0000000095800000, 0x0000000095900000|  0%| F|  |TAMS 0x0000000095800000, 0x0000000095800000| Untracked 
|  73|0x0000000095900000, 0x0000000095900000, 0x0000000095a00000|  0%| F|  |TAMS 0x0000000095900000, 0x0000000095900000| Untracked 
|  74|0x0000000095a00000, 0x0000000095a00000, 0x0000000095b00000|  0%| F|  |TAMS 0x0000000095a00000, 0x0000000095a00000| Untracked 
|  75|0x0000000095b00000, 0x0000000095b00000, 0x0000000095c00000|  0%| F|  |TAMS 0x0000000095b00000, 0x0000000095b00000| Untracked 
|  76|0x0000000095c00000, 0x0000000095c00000, 0x0000000095d00000|  0%| F|  |TAMS 0x0000000095c00000, 0x0000000095c00000| Untracked 
|  77|0x0000000095d00000, 0x0000000095d00000, 0x0000000095e00000|  0%| F|  |TAMS 0x0000000095d00000, 0x0000000095d00000| Untracked 
|  78|0x0000000095e00000, 0x0000000095e00000, 0x0000000095f00000|  0%| F|  |TAMS 0x0000000095e00000, 0x0000000095e00000| Untracked 
|  79|0x0000000095f00000, 0x0000000095f00000, 0x0000000096000000|  0%| F|  |TAMS 0x0000000095f00000, 0x0000000095f00000| Untracked 
|  80|0x0000000096000000, 0x0000000096000000, 0x0000000096100000|  0%| F|  |TAMS 0x0000000096000000, 0x0000000096000000| Untracked 
|  81|0x0000000096100000, 0x0000000096100000, 0x0000000096200000|  0%| F|  |TAMS 0x0000000096100000, 0x0000000096100000| Untracked 
|  82|0x0000000096200000, 0x0000000096200000, 0x0000000096300000|  0%| F|  |TAMS 0x0000000096200000, 0x0000000096200000| Untracked 
|  83|0x0000000096300000, 0x0000000096300000, 0x0000000096400000|  0%| F|  |TAMS 0x0000000096300000, 0x0000000096300000| Untracked 
|  84|0x0000000096400000, 0x0000000096400000, 0x0000000096500000|  0%| F|  |TAMS 0x0000000096400000, 0x0000000096400000| Untracked 
|  85|0x0000000096500000, 0x0000000096500000, 0x0000000096600000|  0%| F|  |TAMS 0x0000000096500000, 0x0000000096500000| Untracked 
|  86|0x0000000096600000, 0x0000000096600000, 0x0000000096700000|  0%| F|  |TAMS 0x0000000096600000, 0x0000000096600000| Untracked 
|  87|0x0000000096700000, 0x0000000096700000, 0x0000000096800000|  0%| F|  |TAMS 0x0000000096700000, 0x0000000096700000| Untracked 
|  88|0x0000000096800000, 0x0000000096800000, 0x0000000096900000|  0%| F|  |TAMS 0x0000000096800000, 0x0000000096800000| Untracked 
|  89|0x0000000096900000, 0x0000000096900000, 0x0000000096a00000|  0%| F|  |TAMS 0x0000000096900000, 0x0000000096900000| Untracked 
|  90|0x0000000096a00000, 0x0000000096a00000, 0x0000000096b00000|  0%| F|  |TAMS 0x0000000096a00000, 0x0000000096a00000| Untracked 
|  91|0x0000000096b00000, 0x0000000096b00000, 0x0000000096c00000|  0%| F|  |TAMS 0x0000000096b00000, 0x0000000096b00000| Untracked 
|  92|0x0000000096c00000, 0x0000000096c00000, 0x0000000096d00000|  0%| F|  |TAMS 0x0000000096c00000, 0x0000000096c00000| Untracked 
|  93|0x0000000096d00000, 0x0000000096d00000, 0x0000000096e00000|  0%| F|  |TAMS 0x0000000096d00000, 0x0000000096d00000| Untracked 
|  94|0x0000000096e00000, 0x0000000096e00000, 0x0000000096f00000|  0%| F|  |TAMS 0x0000000096e00000, 0x0000000096e00000| Untracked 
|  95|0x0000000096f00000, 0x0000000096f00000, 0x0000000097000000|  0%| F|  |TAMS 0x0000000096f00000, 0x0000000096f00000| Untracked 
|  96|0x0000000097000000, 0x0000000097000000, 0x0000000097100000|  0%| F|  |TAMS 0x0000000097000000, 0x0000000097000000| Untracked 
|  97|0x0000000097100000, 0x0000000097100000, 0x0000000097200000|  0%| F|  |TAMS 0x0000000097100000, 0x0000000097100000| Untracked 
|  98|0x0000000097200000, 0x0000000097200000, 0x0000000097300000|  0%| F|  |TAMS 0x0000000097200000, 0x0000000097200000| Untracked 
|  99|0x0000000097300000, 0x0000000097300000, 0x0000000097400000|  0%| F|  |TAMS 0x0000000097300000, 0x0000000097300000| Untracked 
| 100|0x0000000097400000, 0x0000000097400000, 0x0000000097500000|  0%| F|  |TAMS 0x0000000097400000, 0x0000000097400000| Untracked 
| 101|0x0000000097500000, 0x0000000097500000, 0x0000000097600000|  0%| F|  |TAMS 0x0000000097500000, 0x0000000097500000| Untracked 
| 102|0x0000000097600000, 0x0000000097600000, 0x0000000097700000|  0%| F|  |TAMS 0x0000000097600000, 0x0000000097600000| Untracked 
| 103|0x0000000097700000, 0x0000000097700000, 0x0000000097800000|  0%| F|  |TAMS 0x0000000097700000, 0x0000000097700000| Untracked 
| 104|0x0000000097800000, 0x0000000097800000, 0x0000000097900000|  0%| F|  |TAMS 0x0000000097800000, 0x0000000097800000| Untracked 
| 105|0x0000000097900000, 0x0000000097976448, 0x0000000097a00000| 46%| E|  |TAMS 0x0000000097900000, 0x0000000097900000| Complete 
| 106|0x0000000097a00000, 0x0000000097b00000, 0x0000000097b00000|100%| E|CS|TAMS 0x0000000097a00000, 0x0000000097a00000| Complete 
| 107|0x0000000097b00000, 0x0000000097c00000, 0x0000000097c00000|100%| E|  |TAMS 0x0000000097b00000, 0x0000000097b00000| Complete 
| 108|0x0000000097c00000, 0x0000000097d00000, 0x0000000097d00000|100%| E|CS|TAMS 0x0000000097c00000, 0x0000000097c00000| Complete 
| 109|0x0000000097d00000, 0x0000000097e00000, 0x0000000097e00000|100%| E|CS|TAMS 0x0000000097d00000, 0x0000000097d00000| Complete 
| 110|0x0000000097e00000, 0x0000000097f00000, 0x0000000097f00000|100%| E|CS|TAMS 0x0000000097e00000, 0x0000000097e00000| Complete 
| 111|0x0000000097f00000, 0x0000000098000000, 0x0000000098000000|100%| E|CS|TAMS 0x0000000097f00000, 0x0000000097f00000| Complete 

Card table byte_map: [0x000002bc57460000,0x000002bc577e0000] _byte_map_base: 0x000002bc56fd8000

Marking Bits (Prev, Next): (CMBitMap*) 0x000002bc446464c0, (CMBitMap*) 0x000002bc44646500
 Prev Bits: [0x000002bc57b60000, 0x000002bc59720000)
 Next Bits: [0x000002bc59720000, 0x000002bc5b2e0000)

Polling page: 0x000002bc425e0000

Metaspace:

Usage:
  Non-class:      6.77 MB used.
      Class:    633.90 KB used.
       Both:      7.39 MB used.

Virtual space:
  Non-class space:       64.00 MB reserved,       6.81 MB ( 11%) committed,  1 nodes.
      Class space:        1.00 GB reserved,     704.00 KB ( <1%) committed,  1 nodes.
             Both:        1.06 GB reserved,       7.50 MB ( <1%) committed. 

Chunk freelists:
   Non-Class:  8.97 MB
       Class:  15.20 MB
        Both:  24.16 MB

MaxMetaspaceSize: unlimited
CompressedClassSpaceSize: 1.00 GB
Initial GC threshold: 21.00 MB
Current GC threshold: 21.00 MB
CDS: off
MetaspaceReclaimPolicy: balanced
 - commit_granule_bytes: 65536.
 - commit_granule_words: 8192.
 - virtual_space_node_default_size: 8388608.
 - enlarge_chunks_in_place: 1.
 - new_chunks_are_fully_committed: 0.
 - uncommit_free_chunks: 1.
 - use_allocation_guard: 0.
 - handle_deallocations: 1.


Internal statistics:

num_allocs_failed_limit: 0.
num_arena_births: 20.
num_arena_deaths: 0.
num_vsnodes_births: 2.
num_vsnodes_deaths: 0.
num_space_committed: 120.
num_space_uncommitted: 0.
num_chunks_returned_to_freelist: 0.
num_chunks_taken_from_freelist: 62.
num_chunk_merges: 0.
num_chunk_splits: 44.
num_chunks_enlarged: 34.
num_inconsistent_stats: 0.

CodeHeap 'non-profiled nmethods': size=120000Kb used=113Kb max_used=113Kb free=119886Kb
 bounds [0x000002bc4f880000, 0x000002bc4faf0000, 0x000002bc56db0000]
CodeHeap 'profiled nmethods': size=120000Kb used=442Kb max_used=442Kb free=119558Kb
 bounds [0x000002bc47db0000, 0x000002bc48020000, 0x000002bc4f2e0000]
CodeHeap 'non-nmethods': size=5760Kb used=1136Kb max_used=1150Kb free=4623Kb
 bounds [0x000002bc4f2e0000, 0x000002bc4f550000, 0x000002bc4f880000]
 total_blobs=772 nmethods=354 adapters=331
 compilation: enabled
              stopped_count=0, restarted_count=0
 full_count=0

Compilation events (20 events):
Event: 0.593 Thread 0x000002bc00176e10  334       3       java.lang.invoke.MemberName::testAllFlags (7 bytes)
Event: 0.593 Thread 0x000002bc00176500  337       4       java.lang.AbstractStringBuilder::isLatin1 (19 bytes)
Event: 0.594 Thread 0x000002bc00176e10 nmethod 334 0x000002bc47e1cb90 code [0x000002bc47e1cd20, 0x000002bc47e1cef8]
Event: 0.594 Thread 0x000002bc00176e10  339       1       java.lang.invoke.MethodType$ConcurrentWeakInternSet$WeakEntry::hashCode (5 bytes)
Event: 0.594 Thread 0x000002bc00176e10 nmethod 339 0x000002bc4f899990 code [0x000002bc4f899b20, 0x000002bc4f899bf8]
Event: 0.594 Thread 0x000002bc00176e10  336       1       java.lang.invoke.MethodTypeForm::parameterSlotCount (5 bytes)
Event: 0.594 Thread 0x000002bc00176e10 nmethod 336 0x000002bc4f899c90 code [0x000002bc4f899e20, 0x000002bc4f899ef8]
Event: 0.594 Thread 0x000002bc00176e10  341       3       jdk.internal.org.objectweb.asm.SymbolTable::addConstantUtf8 (98 bytes)
Event: 0.594 Thread 0x000002bc00176500 nmethod 337 0x000002bc4f899f90 code [0x000002bc4f89a100, 0x000002bc4f89a198]
Event: 0.595 Thread 0x000002bc00176e10 nmethod 341 0x000002bc47e1cf90 code [0x000002bc47e1d1c0, 0x000002bc47e1d7b8]
Event: 0.595 Thread 0x000002bc00176e10  343       3       jdk.internal.org.objectweb.asm.SymbolTable::put (150 bytes)
Event: 0.595 Thread 0x000002bc00176e10 nmethod 343 0x000002bc47e1db10 code [0x000002bc47e1dd00, 0x000002bc47e1e558]
Event: 0.595 Thread 0x000002bc00176e10  342       1       java.lang.invoke.LambdaForm$Name::index (5 bytes)
Event: 0.595 Thread 0x000002bc00176e10 nmethod 342 0x000002bc4f89a590 code [0x000002bc4f89a720, 0x000002bc4f89a7f8]
Event: 0.595 Thread 0x000002bc00176e10  344       1       java.lang.invoke.MethodHandle::type (5 bytes)
Event: 0.595 Thread 0x000002bc00176e10 nmethod 344 0x000002bc4f89ae90 code [0x000002bc4f89b020, 0x000002bc4f89b0f8]
Event: 0.595 Thread 0x000002bc00176e10  348       1       sun.invoke.util.Wrapper::basicTypeChar (5 bytes)
Event: 0.595 Thread 0x000002bc00176e10 nmethod 348 0x000002bc4f89b490 code [0x000002bc4f89b620, 0x000002bc4f89b6f8]
Event: 0.595 Thread 0x000002bc00176e10  350       3       jdk.internal.org.objectweb.asm.Frame::execute (2305 bytes)
Event: 0.598 Thread 0x000002bc00176500  358       4       java.util.concurrent.ConcurrentHashMap::casTabAt (21 bytes)

GC Heap History (0 events):
No events

Dll operation events (2 events):
Event: 0.015 Loaded shared library C:\Users\chula\.jdks\jbrsdk-17.0.9-3\bin\java.dll
Event: 0.096 Loaded shared library C:\Users\chula\.jdks\jbrsdk-17.0.9-3\bin\jsvml.dll

Deoptimization events (18 events):
Event: 0.327 Thread 0x000002bc445f23e0 DEOPT PACKING pc=0x000002bc47dc7c8c sp=0x000000c7ca2fd4e0
Event: 0.327 Thread 0x000002bc445f23e0 DEOPT UNPACKING pc=0x000002bc4f337143 sp=0x000000c7ca2fc970 mode 0
Event: 0.329 Thread 0x000002bc445f23e0 DEOPT PACKING pc=0x000002bc47dc7c8c sp=0x000000c7ca2fd4e0
Event: 0.329 Thread 0x000002bc445f23e0 DEOPT UNPACKING pc=0x000002bc4f337143 sp=0x000000c7ca2fc970 mode 0
Event: 0.329 Thread 0x000002bc445f23e0 DEOPT PACKING pc=0x000002bc47dc7c8c sp=0x000000c7ca2fd4e0
Event: 0.329 Thread 0x000002bc445f23e0 DEOPT UNPACKING pc=0x000002bc4f337143 sp=0x000000c7ca2fc970 mode 0
Event: 0.329 Thread 0x000002bc445f23e0 DEOPT PACKING pc=0x000002bc47dc7c8c sp=0x000000c7ca2fd4e0
Event: 0.329 Thread 0x000002bc445f23e0 DEOPT UNPACKING pc=0x000002bc4f337143 sp=0x000000c7ca2fc970 mode 0
Event: 0.332 Thread 0x000002bc445f23e0 DEOPT PACKING pc=0x000002bc47dc7c8c sp=0x000000c7ca2fd4e0
Event: 0.332 Thread 0x000002bc445f23e0 DEOPT UNPACKING pc=0x000002bc4f337143 sp=0x000000c7ca2fc970 mode 0
Event: 0.434 Thread 0x000002bc445f23e0 DEOPT PACKING pc=0x000002bc47dc7167 sp=0x000000c7ca2fcf80
Event: 0.434 Thread 0x000002bc445f23e0 DEOPT UNPACKING pc=0x000002bc4f337143 sp=0x000000c7ca2fc3a0 mode 0
Event: 0.469 Thread 0x000002bc445f23e0 DEOPT PACKING pc=0x000002bc47db7851 sp=0x000000c7ca2fce20
Event: 0.469 Thread 0x000002bc445f23e0 DEOPT UNPACKING pc=0x000002bc4f337143 sp=0x000000c7ca2fc298 mode 0
Event: 0.530 Thread 0x000002bc445f23e0 Uncommon trap: trap_request=0xffffff45 fr.pc=0x000002bc4f8883e4 relative=0x0000000000000064
Event: 0.530 Thread 0x000002bc445f23e0 Uncommon trap: reason=unstable_if action=reinterpret pc=0x000002bc4f8883e4 method=java.io.WinNTFileSystem.isSlash(C)Z @ 9 c2
Event: 0.530 Thread 0x000002bc445f23e0 DEOPT PACKING pc=0x000002bc4f8883e4 sp=0x000000c7ca2fe680
Event: 0.530 Thread 0x000002bc445f23e0 DEOPT UNPACKING pc=0x000002bc4f3369a3 sp=0x000000c7ca2fe608 mode 2

Classes unloaded (0 events):
No events

Classes redefined (0 events):
No events

Internal exceptions (0 events):
No events

VM Operations (4 events):
Event: 0.348 Executing VM operation: HandshakeAllThreads
Event: 0.348 Executing VM operation: HandshakeAllThreads done
Event: 0.530 Executing VM operation: HandshakeAllThreads
Event: 0.530 Executing VM operation: HandshakeAllThreads done

Events (20 events):
Event: 0.591 loading class java/lang/invoke/BoundMethodHandle$Species_LLLLL
Event: 0.591 loading class java/lang/invoke/BoundMethodHandle$Species_LLLLL done
Event: 0.593 loading class java/lang/Long$LongCache
Event: 0.593 loading class java/lang/Long$LongCache done
Event: 0.593 loading class java/lang/invoke/MethodHandles$1
Event: 0.593 loading class java/lang/invoke/MethodHandles$1 done
Event: 0.593 loading class java/lang/invoke/BoundMethodHandle$Species_LJ
Event: 0.593 loading class java/lang/invoke/BoundMethodHandle$Species_LJ done
Event: 0.594 loading class java/lang/invoke/BoundMethodHandle$Species_LLLLLL
Event: 0.595 loading class java/lang/invoke/BoundMethodHandle$Species_LLLLLL done
Event: 0.597 loading class sun/awt/OSInfo$1
Event: 0.597 loading class sun/awt/OSInfo$1 done
Event: 0.597 loading class sun/awt/OSInfo$OSType
Event: 0.597 loading class sun/awt/OSInfo$OSType done
Event: 0.597 loading class java/awt/GraphicsEnvironment
Event: 0.597 loading class java/awt/GraphicsEnvironment done
Event: 0.597 loading class java/lang/invoke/LambdaMetafactory
Event: 0.598 loading class java/lang/invoke/LambdaMetafactory done
Event: 0.599 loading class java/lang/invoke/InnerClassLambdaMetafactory
Event: 0.600 loading class java/lang/invoke/AbstractValidatingLambdaMetafactory


Dynamic libraries:
0x00007ff70d890000 - 0x00007ff70d89a000 	C:\Users\chula\.jdks\jbrsdk-17.0.9-3\bin\java.exe
0x00007fffcaf90000 - 0x00007fffcb1a6000 	C:\Windows\SYSTEM32\ntdll.dll
0x00007fffc9510000 - 0x00007fffc95d4000 	C:\Windows\System32\KERNEL32.DLL
0x00007fffc82a0000 - 0x00007fffc8646000 	C:\Windows\System32\KERNELBASE.dll
0x00007fffc88d0000 - 0x00007fffc89e1000 	C:\Windows\System32\ucrtbase.dll
0x00007fffb37e0000 - 0x00007fffb37fb000 	C:\Users\chula\.jdks\jbrsdk-17.0.9-3\bin\VCRUNTIME140.dll
0x00007fffbe560000 - 0x00007fffbe577000 	C:\Users\chula\.jdks\jbrsdk-17.0.9-3\bin\jli.dll
0x00007fffcad50000 - 0x00007fffcaefd000 	C:\Windows\System32\USER32.dll
0x00007fffc8a70000 - 0x00007fffc8a96000 	C:\Windows\System32\win32u.dll
0x00007fffad650000 - 0x00007fffad8e3000 	C:\Windows\WinSxS\amd64_microsoft.windows.common-controls_6595b64144ccf1df_6.0.22621.3235_none_270f74e173860f98\COMCTL32.dll
0x00007fffc95e0000 - 0x00007fffc9609000 	C:\Windows\System32\GDI32.dll
0x00007fffc8dd0000 - 0x00007fffc8e77000 	C:\Windows\System32\msvcrt.dll
0x00007fffc8650000 - 0x00007fffc8768000 	C:\Windows\System32\gdi32full.dll
0x00007fffc8770000 - 0x00007fffc880a000 	C:\Windows\System32\msvcp_win.dll
0x00007fffc9ed0000 - 0x00007fffc9f01000 	C:\Windows\System32\IMM32.DLL
0x00007fffc3110000 - 0x00007fffc311c000 	C:\Users\chula\.jdks\jbrsdk-17.0.9-3\bin\vcruntime140_1.dll
0x00007fffa8da0000 - 0x00007fffa8e2d000 	C:\Users\chula\.jdks\jbrsdk-17.0.9-3\bin\msvcp140.dll
0x00007fff6c410000 - 0x00007fff6d092000 	C:\Users\chula\.jdks\jbrsdk-17.0.9-3\bin\server\jvm.dll
0x00007fffc9a40000 - 0x00007fffc9af2000 	C:\Windows\System32\ADVAPI32.dll
0x00007fffc9c30000 - 0x00007fffc9cd8000 	C:\Windows\System32\sechost.dll
0x00007fffc8c10000 - 0x00007fffc8c38000 	C:\Windows\System32\bcrypt.dll
0x00007fffc9b00000 - 0x00007fffc9c15000 	C:\Windows\System32\RPCRT4.dll
0x00007fffc8170000 - 0x00007fffc81bd000 	C:\Windows\SYSTEM32\POWRPROF.dll
0x00007fff99cf0000 - 0x00007fff99cf9000 	C:\Windows\SYSTEM32\WSOCK32.dll
0x00007fffc0db0000 - 0x00007fffc0de4000 	C:\Windows\SYSTEM32\WINMM.dll
0x00007fffbd0e0000 - 0x00007fffbd0ea000 	C:\Windows\SYSTEM32\VERSION.dll
0x00007fffc9490000 - 0x00007fffc9501000 	C:\Windows\System32\WS2_32.dll
0x00007fffc8150000 - 0x00007fffc8163000 	C:\Windows\SYSTEM32\UMPDC.dll
0x00007fffc72b0000 - 0x00007fffc72c8000 	C:\Windows\SYSTEM32\kernel.appcore.dll
0x00007fffb3480000 - 0x00007fffb348a000 	C:\Users\chula\.jdks\jbrsdk-17.0.9-3\bin\jimage.dll
0x00007fffc54d0000 - 0x00007fffc5703000 	C:\Windows\SYSTEM32\DBGHELP.DLL
0x00007fffc96b0000 - 0x00007fffc9a38000 	C:\Windows\System32\combase.dll
0x00007fffc9300000 - 0x00007fffc93d7000 	C:\Windows\System32\OLEAUT32.dll
0x00007fffbe600000 - 0x00007fffbe632000 	C:\Windows\SYSTEM32\dbgcore.DLL
0x00007fffc89f0000 - 0x00007fffc8a6a000 	C:\Windows\System32\bcryptPrimitives.dll
0x00007fffa9060000 - 0x00007fffa9085000 	C:\Users\chula\.jdks\jbrsdk-17.0.9-3\bin\java.dll
0x00007fffb26f0000 - 0x00007fffb2708000 	C:\Users\chula\.jdks\jbrsdk-17.0.9-3\bin\zip.dll
0x00007fff6da10000 - 0x00007fff6dae7000 	C:\Users\chula\.jdks\jbrsdk-17.0.9-3\bin\jsvml.dll
0x00007fffca4f0000 - 0x00007fffcad4c000 	C:\Windows\System32\SHELL32.dll
0x00007fffc61b0000 - 0x00007fffc6aa8000 	C:\Windows\SYSTEM32\windows.storage.dll
0x00007fffc6070000 - 0x00007fffc61ae000 	C:\Windows\SYSTEM32\wintypes.dll
0x00007fffca070000 - 0x00007fffca163000 	C:\Windows\System32\SHCORE.dll
0x00007fffc8d70000 - 0x00007fffc8dce000 	C:\Windows\System32\shlwapi.dll
0x00007fffc81d0000 - 0x00007fffc81f6000 	C:\Windows\SYSTEM32\profapi.dll
0x00007fffa9040000 - 0x00007fffa9059000 	C:\Users\chula\.jdks\jbrsdk-17.0.9-3\bin\net.dll
0x00007fffc1260000 - 0x00007fffc1397000 	C:\Windows\SYSTEM32\WINHTTP.dll
0x00007fffc7760000 - 0x00007fffc77c9000 	C:\Windows\system32\mswsock.dll
0x00007fffa9020000 - 0x00007fffa9036000 	C:\Users\chula\.jdks\jbrsdk-17.0.9-3\bin\nio.dll
0x00007fff6a470000 - 0x00007fff6b4bc000 	C:\Users\chula\.skiko\0de0d8dd8554d9bb66cfca3837db6514ff9b71080e998917280a3b777460a416\skiko-windows-x64.dll
0x00007fffc4f40000 - 0x00007fffc4f6b000 	C:\Windows\SYSTEM32\dwmapi.dll
0x00007fff784a0000 - 0x00007fff785a0000 	C:\Windows\SYSTEM32\OPENGL32.dll
0x00007fff78470000 - 0x00007fff7849d000 	C:\Windows\SYSTEM32\GLU32.dll
0x00007fffc4de0000 - 0x00007fffc4e19000 	C:\Windows\SYSTEM32\dxcore.dll

dbghelp: loaded successfully - version: 4.0.5 - missing functions: none
symbol engine: initialized successfully - sym options: 0x614 - pdb path: .;C:\Users\chula\.jdks\jbrsdk-17.0.9-3\bin;C:\Windows\SYSTEM32;C:\Windows\WinSxS\amd64_microsoft.windows.common-controls_6595b64144ccf1df_6.0.22621.3235_none_270f74e173860f98;C:\Users\chula\.jdks\jbrsdk-17.0.9-3\bin\server;C:\Users\chula\.skiko\0de0d8dd8554d9bb66cfca3837db6514ff9b71080e998917280a3b777460a416

VM Arguments:
jvm_args: -Dcompose.application.configure.swing.globals=true -Dcompose.application.resources.dir=C:\פאיכ\cod\kotlin\NNS-master\build\compose\tmp\prepareAppResources -Dfile.encoding=UTF-8 -Duser.country=RU -Duser.language=ru -Duser.variant 
java_command: MainKt
java_class_path (initial): C:\פאיכ\cod\kotlin\NNS-master\build\libs\newSchedule-1.0-SNAPSHOT.jar;C:\Users\chula\.gradle\caches\modules-2\files-2.1\org.jetbrains.compose.desktop\desktop-jvm\1.4.1\922ebea5ab9e202ee66ab4f4f567a74184eddbc1\desktop-jvm-1.4.1.jar;C:\Users\chula\.gradle\caches\modules-2\files-2.1\org.jetbrains.skiko\skiko-awt-runtime-windows-x64\0.7.63\a1e930529804f43fff759466a08acdafcc8909a1\skiko-awt-runtime-windows-x64-0.7.63.jar;C:\Users\chula\.gradle\caches\modules-2\files-2.1\org.jetbrains.compose.material\material-desktop\1.4.1\f478f814ee2fb95aba5a206e48c33b912cc66ff1\material-desktop-1.4.1.jar;C:\Users\chula\.gradle\caches\modules-2\files-2.1\org.jetbrains.compose.material\material-ripple-desktop\1.4.1\4c42972aefc0908954af022d213e4c6d00daf288\material-ripple-desktop-1.4.1.jar;C:\Users\chula\.gradle\caches\modules-2\files-2.1\org.jetbrains.compose.foundation\foundation-desktop\1.4.1\3af50bcd26973491ed32b251d234fae55c0b3c97\foundation-desktop-1.4.1.jar;C:\Users\chula\.gradle\caches\modules-2\files-2.1\org.jetbrains.compose.animation\animation-desktop\1.4.1\1155347d9aa6281e0805cb5b9707ed7e89e345b1\animation-desktop-1.4.1.jar;C:\Users\chula\.gradle\caches\modules-2\files-2.1\org.jetbrains.compose.foundation\foundation-layout-desktop\1.4.1\24afb95a5aa95d3fd0b7379ad7555931ce739f0c\foundation-layout-desktop-1.4.1.jar;C:\Users\chula\.gradle\caches\modules-2\files-2.1\org.jetbrains.compose.animation\animation-core-desktop\1.4.1\44c90efd68332262293d06a2c07585cc7b9fa8b5\animation-core-desktop-1.4.1.jar;C:\Users\chula\.gradle\caches\modules-2\files-2.1\org.jetbrains.compose.material\material-icons-core-desktop\1.4.1\26323c8bdd56b7587adb49ccde9b54f6c6d4f66c\material-icons-core-desktop-1.4.1.jar;C:\Users\chula\.gradle\caches\modules-2\files-2.1\org.jetbrains.compose.ui\ui-desktop\1.4.1\5005c7404c035c267cac2ec8b9dd08ca65766a04\ui-desktop-1.4.1.jar;C:\Users\chula\.gradle\caches\modules-2\files-2.1\org.jetbrains.compose.ui\ui-text-desktop\1.4.1\d8c913f93cf15ebd0
Launcher Type: SUN_STANDARD

[Global flags]
     intx CICompilerCount                          = 4                                         {product} {ergonomic}
     uint ConcGCThreads                            = 2                                         {product} {ergonomic}
     uint G1ConcRefinementThreads                  = 8                                         {product} {ergonomic}
   size_t G1HeapRegionSize                         = 1048576                                   {product} {ergonomic}
    uintx GCDrainStackTargetSize                   = 64                                        {product} {ergonomic}
   size_t InitialHeapSize                          = 117440512                                 {product} {ergonomic}
   size_t MarkStackSize                            = 4194304                                   {product} {ergonomic}
   size_t MaxHeapSize                              = 1862270976                                {product} {ergonomic}
   size_t MaxNewSize                               = 1116733440                                {product} {ergonomic}
   size_t MinHeapDeltaBytes                        = 1048576                                   {product} {ergonomic}
   size_t MinHeapSize                              = 8388608                                   {product} {ergonomic}
    uintx NonNMethodCodeHeapSize                   = 5839372                                {pd product} {ergonomic}
    uintx NonProfiledCodeHeapSize                  = 122909434                              {pd product} {ergonomic}
    uintx ProfiledCodeHeapSize                     = 122909434                              {pd product} {ergonomic}
    uintx ReservedCodeCacheSize                    = 251658240                              {pd product} {ergonomic}
     bool SegmentedCodeCache                       = true                                      {product} {ergonomic}
   size_t SoftMaxHeapSize                          = 1862270976                             {manageable} {ergonomic}
     bool UseCompressedClassPointers               = true                           {product lp64_product} {ergonomic}
     bool UseCompressedOops                        = true                           {product lp64_product} {ergonomic}
     bool UseG1GC                                  = true                                      {product} {ergonomic}
     bool UseLargePagesIndividualAllocation        = false                                  {pd product} {ergonomic}

Logging:
Log output configuration:
 #0: stdout all=warning uptime,level,tags
 #1: stderr all=off uptime,level,tags

Environment Variables:
PATH=C:\Program Files\Common Files\Oracle\Java\javapath;C:\Program Files (x86)\Common Files\Oracle\Java\javapath;C:\Windows\system32;C:\Windows;C:\Windows\System32\Wbem;C:\Windows\System32\WindowsPowerShell\v1.0\;C:\Windows\System32\OpenSSH\;C:\Program Files\dotnet\;C:\Program Files\Git\cmd;C:\Program Files\Pandoc\;C:\Gradle\gradle-8.5\bin;C:\Program Files\nodejs\;C:\Program Files\Docker\Docker\resources\bin;C:\Program Files (x86)\Go\bin;C:\Users\chula\.cargo\bin;C:\Users\chula\AppData\Local\Microsoft\WindowsApps;C:\Users\chula\AppData\Local\JetBrains\Toolbox\scripts;C:\Users\chula\AppData\Local\Programs\Microsoft VS Code\bin;C:\ghcup\bin;C:\Users\chula\AppData\Local\GitHubDesktop\bin;C:\Users\chula\.dotnet\tools;C:\Users\chula\AppData\Local\Programs\MiKTeX\miktex\bin\x64\;C:\Users\chula\AppData\Roaming\npm;C:\Users\chula\go\bin
USERNAME=chula
OS=Windows_NT
PROCESSOR_IDENTIFIER=AMD64 Family 23 Model 24 Stepping 1, AuthenticAMD
TMP=C:\Users\chula\AppData\Local\Temp
TEMP=C:\Users\chula\AppData\Local\Temp



Periodic native trim disabled

JNI global refs:
JNI global refs: 9, weak refs: 0

JNI global refs memory usage: 843, weak refs: 209

OOME stack traces (most recent first):
Classloader memory used:
Loader bootstrap                                                                       : 837K
Loader jdk.internal.loader.ClassLoaders$AppClassLoader                                 : 107K


---------------  S Y S T E M  ---------------

OS:
 Windows 11 , 64 bit Build 22621 (10.0.22621.3235)
OS uptime: 1 days 7:42 hours
Hyper-V role detected

CPU: total 8 (initial active 8) (8 cores per cpu, 2 threads per core) family 23 model 24 stepping 1 microcode 0x0, cx8, cmov, fxsr, ht, mmx, 3dnowpref, sse, sse2, sse3, ssse3, sse4a, sse4.1, sse4.2, popcnt, lzcnt, tsc, tscinvbit, avx, avx2, aes, clmul, bmi1, bmi2, adx, sha, fma, vzeroupper, clflush, clflushopt, hv
Processor Information for all 8 processors :
  Max Mhz: 2100, Current Mhz: 2100, Mhz Limit: 2100

Memory: 4k page, system-wide physical 7103M (171M free)
TotalPageFile size 28607M (AvailPageFile size 1M)
current process WorkingSet (physical memory assigned to process): 44M, peak: 44M
current process commit charge ("private bytes"): 193M, peak: 194M

vm_info: OpenJDK 64-Bit Server VM (17.0.9+8-b1162.7) for windows-amd64 JRE (17.0.9+8-b1162.7), built on 2024-01-08 by "builduser" with MS VC++ 16.10 / 16.11 (VS2019)

END.
